<?xml version="1.0" encoding="UTF-8"?>
<testsuite name="BowlingGameTest" tests="1" skipped="0" failures="0" errors="0" timestamp="2019-01-30T12:51:05" hostname="Daniels-MacBook-Pro.local" time="0.002">
  <properties/>
  <testcase name="runTest" classname="BowlingGameTest" time="0.002"/>
  <system-out><![CDATA[]]></system-out>
  <system-err><![CDATA[]]></system-err>
</testsuite>
